<?xml version="1.0" encoding="UTF-8"?>
<testng-results skipped="0" failed="0" total="1" passed="1">
  <reporter-output>
  </reporter-output>
  <suite name="Suite" duration-ms="225474" started-at="2018-01-12T09:44:51Z" finished-at="2018-01-12T09:48:36Z">
    <groups>
    </groups>
    <test name="Test" duration-ms="225474" started-at="2018-01-12T09:44:51Z" finished-at="2018-01-12T09:48:36Z">
      <class name="testSuite.Demo">
        <test-method status="PASS" signature="setUP()[pri:0, instance:testSuite.Demo@209da20d]" name="setUP" is-config="true" duration-ms="709" started-at="2018-01-12T04:44:51Z" finished-at="2018-01-12T04:44:52Z">
          <reporter-output>
          </reporter-output>
        </test-method> <!-- setUP -->
        <test-method status="PASS" signature="createProposedProdEnhance(java.lang.String, java.lang.String, java.lang.String, java.lang.String, java.lang.String, java.lang.String, java.lang.String, java.lang.String, java.lang.String, java.lang.String, java.lang.String, java.lang.String, java.lang.String, java.lang.String, java.lang.String, java.lang.String, java.lang.String, java.lang.String, java.lang.String, java.lang.String)[pri:0, instance:testSuite.Demo@209da20d]" name="createProposedProdEnhance" duration-ms="215812" started-at="2018-01-12T04:44:55Z" data-provider="data" finished-at="2018-01-12T04:48:30Z">
          <params>
            <param index="0">
              <value>
                <![CDATA[firefox]]>
              </value>
            </param>
            <param index="1">
              <value>
                <![CDATA[https://login.salesforce.com]]>
              </value>
            </param>
            <param index="2">
              <value>
                <![CDATA[Tester123@infosys.com]]>
              </value>
            </param>
            <param index="3">
              <value>
                <![CDATA[SalesForce2018]]>
              </value>
            </param>
            <param index="4">
              <value>
                <![CDATA[Demo_Account]]>
              </value>
            </param>
            <param index="5">
              <value>
                <![CDATA[9874563210]]>
              </value>
            </param>
            <param index="6">
              <value>
                <![CDATA[Prospect]]>
              </value>
            </param>
            <param index="7">
              <value>
                <![CDATA[123 Down Street]]>
              </value>
            </param>
            <param index="8">
              <value>
                <![CDATA[MD]]>
              </value>
            </param>
            <param index="9">
              <value>
                <![CDATA[MD]]>
              </value>
            </param>
            <param index="10">
              <value>
                <![CDATA[51112]]>
              </value>
            </param>
            <param index="11">
              <value>
                <![CDATA[1/22/18]]>
              </value>
            </param>
            <param index="12">
              <value>
                <![CDATA[MAY]]>
              </value>
            </param>
            <param index="13">
              <value>
                <![CDATA[Demo_Opp]]>
              </value>
            </param>
            <param index="14">
              <value>
                <![CDATA[1/17/18]]>
              </value>
            </param>
            <param index="15">
              <value>
                <![CDATA[1/22/18]]>
              </value>
            </param>
            <param index="16">
              <value>
                <![CDATA[saransh_goyal@infosys.com]]>
              </value>
            </param>
            <param index="17">
              <value>
                <![CDATA[SalesForce2018]]>
              </value>
            </param>
            <param index="18">
              <value>
                <![CDATA[Sold]]>
              </value>
            </param>
            <param index="19">
              <value>
                <![CDATA[Sold]]>
              </value>
            </param>
          </params>
          <reporter-output>
          </reporter-output>
        </test-method> <!-- createProposedProdEnhance -->
        <test-method status="PASS" signature="tearnDown()[pri:0, instance:testSuite.Demo@209da20d]" name="tearnDown" is-config="true" duration-ms="6069" started-at="2018-01-12T04:48:30Z" finished-at="2018-01-12T04:48:36Z">
          <reporter-output>
          </reporter-output>
        </test-method> <!-- tearnDown -->
      </class> <!-- testSuite.Demo -->
    </test> <!-- Test -->
  </suite> <!-- Suite -->
</testng-results>
